<?xml version="1.0" encoding="UTF-8"?>
<!-- Generated by org.testng.reporters.JUnitXMLReporter -->
<testsuite ignored="0" hostname="LAPTOP-OSSSU5EG" failures="0" tests="8" name="Testing on Chrome" time="375.498" errors="0" timestamp="2025-10-15T23:24:36 IST">
  <testcase classname="package1.project1.TestCase1_LoginToAmazon" name="withValidCrede" time="7.256">
    <skipped/>
  </testcase> <!-- withValidCrede -->
  <testcase classname="package1.project1.TestCase1_LoginToAmazon" name="withValidCrede" time="3.015">
    <skipped/>
  </testcase> <!-- withValidCrede -->
  <testcase classname="package1.project1.TestCase1_LoginToAmazon" name="withValidCrede" time="13.982"/>
  <testcase classname="package1.project1.TestCase2_LoginToAmazonandLogout" name="withValidCrede" time="1.853">
    <skipped/>
  </testcase> <!-- withValidCrede -->
  <testcase classname="package1.project1.TestCase2_LoginToAmazonandLogout" name="withValidCrede" time="23.901"/>
  <testcase classname="package1.project1.TestCase3_LoginToAmazonSearchLogout" name="withValidCrede" time="1.235">
    <skipped/>
  </testcase> <!-- withValidCrede -->
  <testcase classname="package1.project1.TestCase3_LoginToAmazonSearchLogout" name="withValidCrede" time="2.42">
    <skipped/>
  </testcase> <!-- withValidCrede -->
  <testcase classname="package1.project1.TestCase3_LoginToAmazonSearchLogout" name="withValidCrede" time="73.741"/>
</testsuite> <!-- Testing on Chrome -->
